2025-05-20 17:42:14.641291: I tensorflow/core/util/port.cc:113] oneDNN custom operations are on. You may see slightly different numerical results due to floating-point round-off errors from different computation orders. To turn them off, set the environment variable `TF_ENABLE_ONEDNN_OPTS=0`.
2025-05-20 17:42:14.663194: E external/local_xla/xla/stream_executor/cuda/cuda_dnn.cc:9261] Unable to register cuDNN factory: Attempting to register factory for plugin cuDNN when one has already been registered
2025-05-20 17:42:14.663218: E external/local_xla/xla/stream_executor/cuda/cuda_fft.cc:607] Unable to register cuFFT factory: Attempting to register factory for plugin cuFFT when one has already been registered
2025-05-20 17:42:14.663753: E external/local_xla/xla/stream_executor/cuda/cuda_blas.cc:1515] Unable to register cuBLAS factory: Attempting to register factory for plugin cuBLAS when one has already been registered
2025-05-20 17:42:14.667557: I tensorflow/core/platform/cpu_feature_guard.cc:182] This TensorFlow binary is optimized to use available CPU instructions in performance-critical operations.
To enable the following instructions: AVX2 AVX_VNNI FMA, in other operations, rebuild TensorFlow with the appropriate compiler flags.
2025-05-20 17:42:15.033012: W tensorflow/compiler/tf2tensorrt/utils/py_utils.cc:38] TF-TRT Warning: Could not find TensorRT
2025-05-20 17:42:15.464452: I external/local_xla/xla/stream_executor/cuda/cuda_executor.cc:901] successful NUMA node read from SysFS had negative value (-1), but there must be at least one NUMA node, so returning NUMA node zero. See more at https://github.com/torvalds/linux/blob/v6.0/Documentation/ABI/testing/sysfs-bus-pci#L344-L355
2025-05-20 17:42:15.498220: I external/local_xla/xla/stream_executor/cuda/cuda_executor.cc:901] successful NUMA node read from SysFS had negative value (-1), but there must be at least one NUMA node, so returning NUMA node zero. See more at https://github.com/torvalds/linux/blob/v6.0/Documentation/ABI/testing/sysfs-bus-pci#L344-L355
2025-05-20 17:42:15.500105: I external/local_xla/xla/stream_executor/cuda/cuda_executor.cc:901] successful NUMA node read from SysFS had negative value (-1), but there must be at least one NUMA node, so returning NUMA node zero. See more at https://github.com/torvalds/linux/blob/v6.0/Documentation/ABI/testing/sysfs-bus-pci#L344-L355
2025-05-20 17:42:15.572070: I external/local_xla/xla/stream_executor/cuda/cuda_executor.cc:901] successful NUMA node read from SysFS had negative value (-1), but there must be at least one NUMA node, so returning NUMA node zero. See more at https://github.com/torvalds/linux/blob/v6.0/Documentation/ABI/testing/sysfs-bus-pci#L344-L355
2025-05-20 17:42:15.574075: I external/local_xla/xla/stream_executor/cuda/cuda_executor.cc:901] successful NUMA node read from SysFS had negative value (-1), but there must be at least one NUMA node, so returning NUMA node zero. See more at https://github.com/torvalds/linux/blob/v6.0/Documentation/ABI/testing/sysfs-bus-pci#L344-L355
2025-05-20 17:42:15.575738: I external/local_xla/xla/stream_executor/cuda/cuda_executor.cc:901] successful NUMA node read from SysFS had negative value (-1), but there must be at least one NUMA node, so returning NUMA node zero. See more at https://github.com/torvalds/linux/blob/v6.0/Documentation/ABI/testing/sysfs-bus-pci#L344-L355
2025-05-20 17:42:16.010024: I external/local_xla/xla/stream_executor/cuda/cuda_executor.cc:901] successful NUMA node read from SysFS had negative value (-1), but there must be at least one NUMA node, so returning NUMA node zero. See more at https://github.com/torvalds/linux/blob/v6.0/Documentation/ABI/testing/sysfs-bus-pci#L344-L355
2025-05-20 17:42:16.011529: I external/local_xla/xla/stream_executor/cuda/cuda_executor.cc:901] successful NUMA node read from SysFS had negative value (-1), but there must be at least one NUMA node, so returning NUMA node zero. See more at https://github.com/torvalds/linux/blob/v6.0/Documentation/ABI/testing/sysfs-bus-pci#L344-L355
2025-05-20 17:42:16.013098: I external/local_xla/xla/stream_executor/cuda/cuda_executor.cc:901] successful NUMA node read from SysFS had negative value (-1), but there must be at least one NUMA node, so returning NUMA node zero. See more at https://github.com/torvalds/linux/blob/v6.0/Documentation/ABI/testing/sysfs-bus-pci#L344-L355
2025-05-20 17:42:16.016087: I tensorflow/core/common_runtime/gpu/gpu_device.cc:1929] Created device /job:localhost/replica:0/task:0/device:GPU:0 with 2574 MB memory:  -> device: 0, name: NVIDIA GeForce RTX 4070, pci bus id: 0000:01:00.0, compute capability: 8.9
Model: "model_1"
__________________________________________________________________________________________________
 Layer (type)                Output Shape                 Param #   Connected to                  
==================================================================================================
 tracks (InputLayer)         [(None, 106, 1024)]          0         []                            
                                                                                                  
 layer_normalization (Layer  (None, 106, 1024)            2048      ['tracks[0][0]']              
 Normalization)                                                                                   
                                                                                                  
 multihead_attention (Multi  (None, 106, 1024)            2688512   ['layer_normalization[0][0]'] 
 headAttention)                                                                                   
                                                                                                  
 add (Add)                   (None, 106, 1024)            0         ['tracks[0][0]',              
                                                                     'multihead_attention[0][0]'] 
                                                                                                  
 layer_normalization_1 (Lay  (None, 106, 1024)            2048      ['add[0][0]']                 
 erNormalization)                                                                                 
                                                                                                  
 dense (Dense)               (None, 106, 2048)            2099200   ['layer_normalization_1[0][0]'
                                                                    ]                             
                                                                                                  
 re_lu (ReLU)                (None, 106, 2048)            0         ['dense[0][0]']               
                                                                                                  
 dense_1 (Dense)             (None, 106, 1024)            2098176   ['re_lu[0][0]']               
                                                                                                  
 add_1 (Add)                 (None, 106, 1024)            0         ['add[0][0]',                 
                                                                     'dense_1[0][0]']             
                                                                                                  
 dense_2 (Dense)             (None, 106, 1)               1025      ['add_1[0][0]']               
                                                                                                  
 softmax (Softmax)           (None, 106, 1)               0         ['dense_2[0][0]']             
                                                                                                  
 multiply (Multiply)         (None, 106, 1024)            0         ['add_1[0][0]',               
                                                                     'softmax[0][0]']             
                                                                                                  
 lambda (Lambda)             (None, 1024)                 0         ['multiply[0][0]']            
                                                                                                  
 dense_3 (Dense)             (None, 512)                  524800    ['lambda[0][0]']              
                                                                                                  
 dense_4 (Dense)             (None, 256)                  131328    ['dense_3[0][0]']             
                                                                                                  
 re_lu_1 (ReLU)              (None, 256)                  0         ['dense_4[0][0]']             
                                                                                                  
 dense_5 (Dense)             (None, 128)                  32896     ['re_lu_1[0][0]']             
                                                                                                  
 dense_6 (Dense)             (None, 23)                   2967      ['dense_5[0][0]']             
                                                                                                  
==================================================================================================
Total params: 7583000 (28.93 MB)
Trainable params: 7583000 (28.93 MB)
Non-trainable params: 0 (0.00 Byte)
__________________________________________________________________________________________________
2025-05-20 17:42:18.604793: I external/local_xla/xla/stream_executor/cuda/cuda_dnn.cc:454] Loaded cuDNN version 8904
2025-05-20 17:42:19.467092: I external/local_xla/xla/service/service.cc:168] XLA service 0x7f125a356d70 initialized for platform CUDA (this does not guarantee that XLA will be used). Devices:
2025-05-20 17:42:19.467134: I external/local_xla/xla/service/service.cc:176]   StreamExecutor device (0): NVIDIA GeForce RTX 4070, Compute Capability 8.9
2025-05-20 17:42:19.469846: I tensorflow/compiler/mlir/tensorflow/utils/dump_mlir_util.cc:269] disabling MLIR crash reproducer, set env var `MLIR_CRASH_REPRODUCER_DIRECTORY` to enable.
WARNING: All log messages before absl::InitializeLog() is called are written to STDERR
I0000 00:00:1747734139.508875   43790 device_compiler.h:186] Compiled cluster using XLA!  This line is logged at most once for the lifetime of the process.
None
model_strides [1]
target_lengths [23]
target_crops [41]
No checkpoints found.
Successful first step!
/home/gl/anaconda3/envs/borzoi/lib/python3.10/site-packages/keras/src/engine/training.py:3103: UserWarning: You are saving your model as an HDF5 file via `model.save()`. This file format is considered legacy. We recommend using instead the native Keras format, e.g. `model.save('my_model.keras')`.
  saving_api.save_model(
Epoch 0 - 119s - train_loss: 0.8614 - train_r: 0.2367 - train_r2: -0.7359 - valid_loss: 0.3358 - valid_r: 0.5691 - valid_r2: 0.2993 - best!
Epoch 1 - 112s - train_loss: 0.3099 - train_r: 0.6054 - train_r2: 0.3643 - valid_loss: 0.2914 - valid_r: 0.6312 - valid_r2: 0.3896 - best!
Epoch 2 - 111s - train_loss: 0.2764 - train_r: 0.6566 - train_r2: 0.4324 - valid_loss: 0.2830 - valid_r: 0.6417 - valid_r2: 0.4070 - best!
Epoch 3 - 111s - train_loss: 0.2566 - train_r: 0.6859 - train_r2: 0.4728 - valid_loss: 0.2875 - valid_r: 0.6425 - valid_r2: 0.3977
Epoch 4 - 110s - train_loss: 0.2499 - train_r: 0.6953 - train_r2: 0.4858 - valid_loss: 0.2820 - valid_r: 0.6432 - valid_r2: 0.4087 - best!
Epoch 5 - 111s - train_loss: 0.2414 - train_r: 0.7074 - train_r2: 0.5029 - valid_loss: 0.2960 - valid_r: 0.6427 - valid_r2: 0.3800
Epoch 6 - 110s - train_loss: 0.2372 - train_r: 0.7134 - train_r2: 0.5114 - valid_loss: 0.3013 - valid_r: 0.6321 - valid_r2: 0.3690
Epoch 7 - 111s - train_loss: 0.2369 - train_r: 0.7140 - train_r2: 0.5123 - valid_loss: 0.3109 - valid_r: 0.6279 - valid_r2: 0.3489
Epoch 8 - 111s - train_loss: 0.2351 - train_r: 0.7164 - train_r2: 0.5157 - valid_loss: 0.3071 - valid_r: 0.6416 - valid_r2: 0.3576
Epoch 9 - 110s - train_loss: 0.2354 - train_r: 0.7161 - train_r2: 0.5153 - valid_loss: 0.3079 - valid_r: 0.6114 - valid_r2: 0.3562
Epoch 10 - 110s - train_loss: 0.2608 - train_r: 0.6797 - train_r2: 0.4642 - valid_loss: 0.3058 - valid_r: 0.6075 - valid_r2: 0.3603
Epoch 11 - 110s - train_loss: 0.2491 - train_r: 0.6964 - train_r2: 0.4875 - valid_loss: 0.3101 - valid_r: 0.6112 - valid_r2: 0.3525
Epoch 12 - 110s - train_loss: 0.2525 - train_r: 0.6918 - train_r2: 0.4809 - valid_loss: 0.2961 - valid_r: 0.6418 - valid_r2: 0.3814
Epoch 13 - 110s - train_loss: 0.2332 - train_r: 0.7191 - train_r2: 0.5196 - valid_loss: 0.2899 - valid_r: 0.6351 - valid_r2: 0.3938
Epoch 14 - 110s - train_loss: 0.2311 - train_r: 0.7219 - train_r2: 0.5238 - valid_loss: 0.2886 - valid_r: 0.6377 - valid_r2: 0.3965
Epoch 15 - 111s - train_loss: 0.2581 - train_r: 0.6840 - train_r2: 0.4699 - valid_loss: 0.3330 - valid_r: 0.5585 - valid_r2: 0.3062
Epoch 16 - 110s - train_loss: 0.3099 - train_r: 0.6039 - train_r2: 0.3660 - valid_loss: 0.3331 - valid_r: 0.5981 - valid_r2: 0.3061
Epoch 17 - 110s - train_loss: 0.2532 - train_r: 0.6909 - train_r2: 0.4797 - valid_loss: 0.2938 - valid_r: 0.6304 - valid_r2: 0.3865
Epoch 18 - 104s - train_loss: 0.2348 - train_r: 0.7169 - train_r2: 0.5165 - valid_loss: 0.2959 - valid_r: 0.6300 - valid_r2: 0.3819
Epoch 19 - 95s - train_loss: 0.2513 - train_r: 0.6936 - train_r2: 0.4833 - valid_loss: 0.2978 - valid_r: 0.6157 - valid_r2: 0.3788
Epoch 20 - 95s - train_loss: 0.2622 - train_r: 0.6777 - train_r2: 0.4615 - valid_loss: 0.3108 - valid_r: 0.6089 - valid_r2: 0.3516
Epoch 21 - 95s - train_loss: 0.2389 - train_r: 0.7113 - train_r2: 0.5085 - valid_loss: 0.3015 - valid_r: 0.6245 - valid_r2: 0.3695
Epoch 22 - 95s - train_loss: 0.2239 - train_r: 0.7320 - train_r2: 0.5384 - valid_loss: 0.2960 - valid_r: 0.6235 - valid_r2: 0.3822
Epoch 23 - 94s - train_loss: 0.2147 - train_r: 0.7441 - train_r2: 0.5564 - valid_loss: 0.3028 - valid_r: 0.6169 - valid_r2: 0.3674
Epoch 24 - 93s - train_loss: 0.2111 - train_r: 0.7492 - train_r2: 0.5641 - valid_loss: 0.2937 - valid_r: 0.6286 - valid_r2: 0.3864
Epoch 25 - 78s - train_loss: 0.2122 - train_r: 0.7478 - train_r2: 0.5619 - valid_loss: 0.3099 - valid_r: 0.6234 - valid_r2: 0.3530
