2025-05-20 17:35:40.238076: I tensorflow/core/util/port.cc:113] oneDNN custom operations are on. You may see slightly different numerical results due to floating-point round-off errors from different computation orders. To turn them off, set the environment variable `TF_ENABLE_ONEDNN_OPTS=0`.
2025-05-20 17:35:40.263099: E external/local_xla/xla/stream_executor/cuda/cuda_dnn.cc:9261] Unable to register cuDNN factory: Attempting to register factory for plugin cuDNN when one has already been registered
2025-05-20 17:35:40.263130: E external/local_xla/xla/stream_executor/cuda/cuda_fft.cc:607] Unable to register cuFFT factory: Attempting to register factory for plugin cuFFT when one has already been registered
2025-05-20 17:35:40.263655: E external/local_xla/xla/stream_executor/cuda/cuda_blas.cc:1515] Unable to register cuBLAS factory: Attempting to register factory for plugin cuBLAS when one has already been registered
2025-05-20 17:35:40.266710: I tensorflow/core/platform/cpu_feature_guard.cc:182] This TensorFlow binary is optimized to use available CPU instructions in performance-critical operations.
To enable the following instructions: AVX2 AVX_VNNI FMA, in other operations, rebuild TensorFlow with the appropriate compiler flags.
2025-05-20 17:35:40.606395: W tensorflow/compiler/tf2tensorrt/utils/py_utils.cc:38] TF-TRT Warning: Could not find TensorRT
2025-05-20 17:35:41.038707: I external/local_xla/xla/stream_executor/cuda/cuda_executor.cc:901] successful NUMA node read from SysFS had negative value (-1), but there must be at least one NUMA node, so returning NUMA node zero. See more at https://github.com/torvalds/linux/blob/v6.0/Documentation/ABI/testing/sysfs-bus-pci#L344-L355
2025-05-20 17:35:41.069868: I external/local_xla/xla/stream_executor/cuda/cuda_executor.cc:901] successful NUMA node read from SysFS had negative value (-1), but there must be at least one NUMA node, so returning NUMA node zero. See more at https://github.com/torvalds/linux/blob/v6.0/Documentation/ABI/testing/sysfs-bus-pci#L344-L355
2025-05-20 17:35:41.071475: I external/local_xla/xla/stream_executor/cuda/cuda_executor.cc:901] successful NUMA node read from SysFS had negative value (-1), but there must be at least one NUMA node, so returning NUMA node zero. See more at https://github.com/torvalds/linux/blob/v6.0/Documentation/ABI/testing/sysfs-bus-pci#L344-L355
2025-05-20 17:35:41.137433: I external/local_xla/xla/stream_executor/cuda/cuda_executor.cc:901] successful NUMA node read from SysFS had negative value (-1), but there must be at least one NUMA node, so returning NUMA node zero. See more at https://github.com/torvalds/linux/blob/v6.0/Documentation/ABI/testing/sysfs-bus-pci#L344-L355
2025-05-20 17:35:41.138790: I external/local_xla/xla/stream_executor/cuda/cuda_executor.cc:901] successful NUMA node read from SysFS had negative value (-1), but there must be at least one NUMA node, so returning NUMA node zero. See more at https://github.com/torvalds/linux/blob/v6.0/Documentation/ABI/testing/sysfs-bus-pci#L344-L355
2025-05-20 17:35:41.140076: I external/local_xla/xla/stream_executor/cuda/cuda_executor.cc:901] successful NUMA node read from SysFS had negative value (-1), but there must be at least one NUMA node, so returning NUMA node zero. See more at https://github.com/torvalds/linux/blob/v6.0/Documentation/ABI/testing/sysfs-bus-pci#L344-L355
2025-05-20 17:35:41.402833: I external/local_xla/xla/stream_executor/cuda/cuda_executor.cc:901] successful NUMA node read from SysFS had negative value (-1), but there must be at least one NUMA node, so returning NUMA node zero. See more at https://github.com/torvalds/linux/blob/v6.0/Documentation/ABI/testing/sysfs-bus-pci#L344-L355
2025-05-20 17:35:41.404258: I external/local_xla/xla/stream_executor/cuda/cuda_executor.cc:901] successful NUMA node read from SysFS had negative value (-1), but there must be at least one NUMA node, so returning NUMA node zero. See more at https://github.com/torvalds/linux/blob/v6.0/Documentation/ABI/testing/sysfs-bus-pci#L344-L355
2025-05-20 17:35:41.405945: I external/local_xla/xla/stream_executor/cuda/cuda_executor.cc:901] successful NUMA node read from SysFS had negative value (-1), but there must be at least one NUMA node, so returning NUMA node zero. See more at https://github.com/torvalds/linux/blob/v6.0/Documentation/ABI/testing/sysfs-bus-pci#L344-L355
2025-05-20 17:35:41.408447: I tensorflow/core/common_runtime/gpu/gpu_device.cc:1929] Created device /job:localhost/replica:0/task:0/device:GPU:0 with 6179 MB memory:  -> device: 0, name: NVIDIA GeForce RTX 4070, pci bus id: 0000:01:00.0, compute capability: 8.9
Model: "model_1"
__________________________________________________________________________________________________
 Layer (type)                Output Shape                 Param #   Connected to                  
==================================================================================================
 tracks (InputLayer)         [(None, 106, 1024)]          0         []                            
                                                                                                  
 layer_normalization (Layer  (None, 106, 1024)            2048      ['tracks[0][0]']              
 Normalization)                                                                                   
                                                                                                  
 multihead_attention (Multi  (None, 106, 1024)            3278848   ['layer_normalization[0][0]'] 
 headAttention)                                                                                   
                                                                                                  
 dropout (Dropout)           (None, 106, 1024)            0         ['multihead_attention[0][0]'] 
                                                                                                  
 add (Add)                   (None, 106, 1024)            0         ['tracks[0][0]',              
                                                                     'dropout[0][0]']             
                                                                                                  
 layer_normalization_1 (Lay  (None, 106, 1024)            2048      ['add[0][0]']                 
 erNormalization)                                                                                 
                                                                                                  
 dense (Dense)               (None, 106, 2048)            2099200   ['layer_normalization_1[0][0]'
                                                                    ]                             
                                                                                                  
 dropout_1 (Dropout)         (None, 106, 2048)            0         ['dense[0][0]']               
                                                                                                  
 re_lu (ReLU)                (None, 106, 2048)            0         ['dropout_1[0][0]']           
                                                                                                  
 dense_1 (Dense)             (None, 106, 1024)            2098176   ['re_lu[0][0]']               
                                                                                                  
 dropout_2 (Dropout)         (None, 106, 1024)            0         ['dense_1[0][0]']             
                                                                                                  
 add_1 (Add)                 (None, 106, 1024)            0         ['add[0][0]',                 
                                                                     'dropout_2[0][0]']           
                                                                                                  
 dense_2 (Dense)             (None, 106, 1)               1025      ['add_1[0][0]']               
                                                                                                  
 softmax (Softmax)           (None, 106, 1)               0         ['dense_2[0][0]']             
                                                                                                  
 multiply (Multiply)         (None, 106, 1024)            0         ['add_1[0][0]',               
                                                                     'softmax[0][0]']             
                                                                                                  
 lambda (Lambda)             (None, 1024)                 0         ['multiply[0][0]']            
                                                                                                  
 dense_3 (Dense)             (None, 512)                  524800    ['lambda[0][0]']              
                                                                                                  
 dense_4 (Dense)             (None, 256)                  131328    ['dense_3[0][0]']             
                                                                                                  
 re_lu_1 (ReLU)              (None, 256)                  0         ['dense_4[0][0]']             
                                                                                                  
 dense_5 (Dense)             (None, 128)                  32896     ['re_lu_1[0][0]']             
                                                                                                  
 dense_6 (Dense)             (None, 23)                   2967      ['dense_5[0][0]']             
                                                                                                  
==================================================================================================
Total params: 8173336 (31.18 MB)
Trainable params: 8173336 (31.18 MB)
Non-trainable params: 0 (0.00 Byte)
__________________________________________________________________________________________________
2025-05-20 17:35:43.566714: I external/local_xla/xla/stream_executor/cuda/cuda_dnn.cc:454] Loaded cuDNN version 8904
2025-05-20 17:35:44.418233: I external/local_xla/xla/service/service.cc:168] XLA service 0x79386ac966c0 initialized for platform CUDA (this does not guarantee that XLA will be used). Devices:
2025-05-20 17:35:44.418273: I external/local_xla/xla/service/service.cc:176]   StreamExecutor device (0): NVIDIA GeForce RTX 4070, Compute Capability 8.9
2025-05-20 17:35:44.420889: I tensorflow/compiler/mlir/tensorflow/utils/dump_mlir_util.cc:269] disabling MLIR crash reproducer, set env var `MLIR_CRASH_REPRODUCER_DIRECTORY` to enable.
WARNING: All log messages before absl::InitializeLog() is called are written to STDERR
I0000 00:00:1747733744.463178   37641 device_compiler.h:186] Compiled cluster using XLA!  This line is logged at most once for the lifetime of the process.
None
model_strides [1]
target_lengths [23]
target_crops [41]
No checkpoints found.
Successful first step!
/home/gl/anaconda3/envs/borzoi/lib/python3.10/site-packages/keras/src/engine/training.py:3103: UserWarning: You are saving your model as an HDF5 file via `model.save()`. This file format is considered legacy. We recommend using instead the native Keras format, e.g. `model.save('my_model.keras')`.
  saving_api.save_model(
Epoch 0 - 84s - train_loss: 0.8421 - train_r: 0.2371 - train_r2: -0.7435 - valid_loss: 0.3265 - valid_r: 0.5730 - valid_r2: 0.3190 - best!
Epoch 1 - 93s - train_loss: 0.3004 - train_r: 0.6192 - train_r2: 0.3846 - valid_loss: 0.2959 - valid_r: 0.6242 - valid_r2: 0.3818 - best!
Epoch 2 - 95s - train_loss: 0.2739 - train_r: 0.6605 - train_r2: 0.4382 - valid_loss: 0.2809 - valid_r: 0.6473 - valid_r2: 0.4122 - best!
Epoch 3 - 112s - train_loss: 0.2594 - train_r: 0.6819 - train_r2: 0.4672 - valid_loss: 0.2972 - valid_r: 0.6424 - valid_r2: 0.3784
Epoch 4 - 129s - train_loss: 0.2582 - train_r: 0.6834 - train_r2: 0.4692 - valid_loss: 0.2821 - valid_r: 0.6464 - valid_r2: 0.4098
Epoch 5 - 131s - train_loss: 0.2525 - train_r: 0.6919 - train_r2: 0.4810 - valid_loss: 0.2923 - valid_r: 0.6488 - valid_r2: 0.3876
Epoch 6 - 131s - train_loss: 0.2500 - train_r: 0.6954 - train_r2: 0.4860 - valid_loss: 0.2758 - valid_r: 0.6500 - valid_r2: 0.4227 - best!
Epoch 7 - 131s - train_loss: 0.2477 - train_r: 0.6987 - train_r2: 0.4905 - valid_loss: 0.2974 - valid_r: 0.6287 - valid_r2: 0.3766
Epoch 8 - 131s - train_loss: 0.2660 - train_r: 0.6731 - train_r2: 0.4543 - valid_loss: 0.2812 - valid_r: 0.6417 - valid_r2: 0.4109
Epoch 9 - 131s - train_loss: 0.2482 - train_r: 0.6978 - train_r2: 0.4894 - valid_loss: 0.2773 - valid_r: 0.6479 - valid_r2: 0.4191
Epoch 10 - 131s - train_loss: 0.2488 - train_r: 0.6968 - train_r2: 0.4880 - valid_loss: 0.2912 - valid_r: 0.6275 - valid_r2: 0.3916
Epoch 11 - 131s - train_loss: 0.2463 - train_r: 0.7007 - train_r2: 0.4935 - valid_loss: 0.2898 - valid_r: 0.6317 - valid_r2: 0.3937
Epoch 12 - 131s - train_loss: 0.2431 - train_r: 0.7051 - train_r2: 0.4997 - valid_loss: 0.2878 - valid_r: 0.6337 - valid_r2: 0.3982
Epoch 13 - 131s - train_loss: 0.2469 - train_r: 0.6999 - train_r2: 0.4922 - valid_loss: 0.2880 - valid_r: 0.6322 - valid_r2: 0.3969
Epoch 14 - 131s - train_loss: 0.2577 - train_r: 0.6842 - train_r2: 0.4704 - valid_loss: 0.3026 - valid_r: 0.6108 - valid_r2: 0.3677
Epoch 15 - 130s - train_loss: 0.2966 - train_r: 0.6250 - train_r2: 0.3924 - valid_loss: 0.3190 - valid_r: 0.5876 - valid_r2: 0.3348
Epoch 16 - 131s - train_loss: 0.2860 - train_r: 0.6421 - train_r2: 0.4142 - valid_loss: 0.3094 - valid_r: 0.6102 - valid_r2: 0.3537
Epoch 17 - 131s - train_loss: 0.3072 - train_r: 0.6079 - train_r2: 0.3715 - valid_loss: 0.3333 - valid_r: 0.5819 - valid_r2: 0.3045
Epoch 18 - 131s - train_loss: 0.2914 - train_r: 0.6331 - train_r2: 0.4030 - valid_loss: 0.3254 - valid_r: 0.5737 - valid_r2: 0.3219
Epoch 19 - 129s - train_loss: 0.2894 - train_r: 0.6361 - train_r2: 0.4069 - valid_loss: 0.3093 - valid_r: 0.5976 - valid_r2: 0.3538
Epoch 20 - 112s - train_loss: 0.2726 - train_r: 0.6621 - train_r2: 0.4408 - valid_loss: 0.3016 - valid_r: 0.6099 - valid_r2: 0.3694
Epoch 21 - 112s - train_loss: 0.2850 - train_r: 0.6431 - train_r2: 0.4157 - valid_loss: 0.3410 - valid_r: 0.5464 - valid_r2: 0.2906
Epoch 22 - 112s - train_loss: 0.3153 - train_r: 0.5942 - train_r2: 0.3549 - valid_loss: 0.3547 - valid_r: 0.5158 - valid_r2: 0.2619
Epoch 23 - 112s - train_loss: 0.3161 - train_r: 0.5928 - train_r2: 0.3536 - valid_loss: 0.3295 - valid_r: 0.5623 - valid_r2: 0.3126
Epoch 24 - 112s - train_loss: 0.3276 - train_r: 0.5733 - train_r2: 0.3306 - valid_loss: 0.3474 - valid_r: 0.5358 - valid_r2: 0.2766
Epoch 25 - 97s - train_loss: 0.3175 - train_r: 0.5904 - train_r2: 0.3507 - valid_loss: 0.3639 - valid_r: 0.4961 - valid_r2: 0.2440
Epoch 26 - 77s - train_loss: 0.3315 - train_r: 0.5665 - train_r2: 0.3227 - valid_loss: 0.3348 - valid_r: 0.5484 - valid_r2: 0.3023
Epoch 27 - 70s - train_loss: 0.3013 - train_r: 0.6170 - train_r2: 0.3829 - valid_loss: 0.3273 - valid_r: 0.5686 - valid_r2: 0.3169
